19700101 08:29:02.465730 38729 INFO  New connection established - http/HttpServer.cpp:45
19700101 08:29:02.465730 38729 INFO  HttpContext created successfully - http/HttpServer.cpp:49
19700101 08:29:02.465730 38733 INFO  Read 467 bytes from fd 21 - tcp/Connection.cpp:180
19700101 08:29:02.465730 38729 INFO  New connection established - http/HttpServer.cpp:45
19700101 08:29:02.465730 38729 INFO  HttpContext created successfully - http/HttpServer.cpp:49
19700101 08:29:02.465730 38733 INFO  Received message from 172.21.208.1:7505, size=467 - http/HttpServer.cpp:64
19700101 08:29:02.465730 38733 INFO  Raw message:
GET / HTTP/1.1
Host: 172.21.211.240:8888
Connection: keep-alive
Upgrade-Insecure-Requests: 1
User-Agent: Mozilla/5.0 (Windows NT 10.0; Win64; x64) AppleWebKit/537.36 (KHTML, like Gecko) Chrome/135.0.0.0 Safari/537.36
Accept: text/html,application/xhtml+xml,application/xml;q=0.9,image/avif,image/webp,image/apng,*/*;q=0.8,application/signed-exchange;v=b3;q=0.7
Accept-Encoding: gzip, deflate
Accept-Language: zh-CN,zh;q=0.9,en;q=0.8,en-GB;q=0.7,en-US;q=0.6

 - http/HttpServer.cpp:73
19700101 08:29:02.465730 38733 INFO  Received message, size=467 - http/HttpServer.cpp:76
19700101 08:29:02.465730 38733 INFO  Message content: 
GET / HTTP/1.1
Host: 172.21.211.240:8888
Connection: keep-alive
Upgrade-Insecure-Requests: 1
User-Agent: Mozilla/5.0 (Windows NT 10.0; Win64; x64) AppleWebKit/537.36 (KHTML, like Gecko) Chrome/135.0.0.0 Safari/537.36
Accept: text/html,application/xhtml+xml,application/xml;q=0.9,image/avif,image/webp,image/apng,*/*;q=0.8,application/signed-exchange;v=b3;q=0.7
Accept-Encoding: gzip, deflate
Accept-Language: zh-CN,zh;q=0.9,en;q=0.8,en-GB;q=0.7,en-US;q=0.6

 - http/HttpServer.cpp:77
19700101 08:29:02.465730 38733 INFO  Got complete request, path=/ - http/HttpServer.cpp:93
19700101 08:29:02.465730 38733 INFO  Handling request for path: / - HTTP.cpp:12
19700101 08:29:02.465730 38733 INFO  Full filepath: ./index.html - HTTP.cpp:20
19700101 08:29:02.465730 38733 INFO  File found, size=1616 - HTTP.cpp:33
19700101 08:29:02.465730 38733 INFO  Sending response, size=1779 - http/HttpServer.cpp:134
19700101 08:29:02.465730 38733 INFO  Response content: 
 - http/HttpServer.cpp:135
19700101 08:29:02.465730 38733 INFO  172.21.208.1:7505 write complete - http/HttpServer.cpp:150
19700101 08:29:02.465730 38733 INFO  Read 371 bytes from fd 21 - tcp/Connection.cpp:180
19700101 08:29:02.465730 38733 INFO  Received message from 172.21.208.1:7505, size=371 - http/HttpServer.cpp:64
19700101 08:29:02.465730 38733 INFO  Raw message:
GET /css/style.css HTTP/1.1
Host: 172.21.211.240:8888
Connection: keep-alive
User-Agent: Mozilla/5.0 (Windows NT 10.0; Win64; x64) AppleWebKit/537.36 (KHTML, like Gecko) Chrome/135.0.0.0 Safari/537.36
Accept: text/css,*/*;q=0.1
Referer: http://172.21.211.240:8888/
Accept-Encoding: gzip, deflate
Accept-Language: zh-CN,zh;q=0.9,en;q=0.8,en-GB;q=0.7,en-US;q=0.6

 - http/HttpServer.cpp:73
19700101 08:29:02.465730 38733 INFO  Received message, size=371 - http/HttpServer.cpp:76
19700101 08:29:02.465730 38733 INFO  Message content: 
GET /css/style.css HTTP/1.1
Host: 172.21.211.240:8888
Connection: keep-alive
User-Agent: Mozilla/5.0 (Windows NT 10.0; Win64; x64) AppleWebKit/537.36 (KHTML, like Gecko) Chrome/135.0.0.0 Safari/537.36
Accept: text/css,*/*;q=0.1
Referer: http://172.21.211.240:8888/
Accept-Encoding: gzip, deflate
Accept-Language: zh-CN,zh;q=0.9,en;q=0.8,en-GB;q=0.7,en-US;q=0.6

 - http/HttpServer.cpp:77
19700101 08:29:02.465730 38733 INFO  Got complete request, path=/css/style.css - http/HttpServer.cpp:93
19700101 08:29:02.465730 38733 INFO  Handling request for path: /css/style.css - HTTP.cpp:12
19700101 08:29:02.465730 38733 INFO  Full filepath: ./css/style.css - HTTP.cpp:20
19700101 08:29:02.465730 38733 INFO  File found, size=2028 - HTTP.cpp:33
19700101 08:29:02.465730 38733 INFO  Sending response, size=2190 - http/HttpServer.cpp:134
19700101 08:29:02.465730 38733 INFO  Response content: 
 - http/HttpServer.cpp:135
19700101 08:29:02.465730 38733 INFO  172.21.208.1:7505 write complete - http/HttpServer.cpp:150
19700101 08:29:02.465730 38733 INFO  Read 415 bytes from fd 21 - tcp/Connection.cpp:180
19700101 08:29:02.465730 38733 INFO  Received message from 172.21.208.1:7505, size=415 - http/HttpServer.cpp:64
19700101 08:29:02.465730 38733 INFO  Raw message:
GET /favicon.ico HTTP/1.1
Host: 172.21.211.240:8888
Connection: keep-alive
User-Agent: Mozilla/5.0 (Windows NT 10.0; Win64; x64) AppleWebKit/537.36 (KHTML, like Gecko) Chrome/135.0.0.0 Safari/537.36
Accept: image/avif,image/webp,image/apng,image/svg+xml,image/*,*/*;q=0.8
Referer: http://172.21.211.240:8888/
Accept-Encoding: gzip, deflate
Accept-Language: zh-CN,zh;q=0.9,en;q=0.8,en-GB;q=0.7,en-US;q=0.6

 - http/HttpServer.cpp:73
19700101 08:29:02.465730 38733 INFO  Received message, size=415 - http/HttpServer.cpp:76
19700101 08:29:02.465730 38733 INFO  Message content: 
GET /favicon.ico HTTP/1.1
Host: 172.21.211.240:8888
Connection: keep-alive
User-Agent: Mozilla/5.0 (Windows NT 10.0; Win64; x64) AppleWebKit/537.36 (KHTML, like Gecko) Chrome/135.0.0.0 Safari/537.36
Accept: image/avif,image/webp,image/apng,image/svg+xml,image/*,*/*;q=0.8
Referer: http://172.21.211.240:8888/
Accept-Encoding: gzip, deflate
Accept-Language: zh-CN,zh;q=0.9,en;q=0.8,en-GB;q=0.7,en-US;q=0.6

 - http/HttpServer.cpp:77
19700101 08:29:02.465730 38733 INFO  Got complete request, path=/favicon.ico - http/HttpServer.cpp:93
19700101 08:29:02.465730 38733 INFO  Handling request for path: /favicon.ico - HTTP.cpp:12
19700101 08:29:02.465730 38733 INFO  Full filepath: ./favicon.ico - HTTP.cpp:20
19700101 08:29:02.465730 38733 INFO  File found, size=4286 - HTTP.cpp:33
19700101 08:29:02.465730 38733 INFO  Sending response, size=4452 - http/HttpServer.cpp:134
19700101 08:29:02.465730 38733 INFO  Response content: 
 - http/HttpServer.cpp:135
19700101 08:29:02.465730 38733 INFO  172.21.208.1:7505 write complete - http/HttpServer.cpp:150
19700101 08:29:02.465735 38733 INFO  Read 515 bytes from fd 21 - tcp/Connection.cpp:180
19700101 08:29:02.465735 38733 INFO  Received message from 172.21.208.1:7505, size=515 - http/HttpServer.cpp:64
19700101 08:29:02.465735 38733 INFO  Raw message:
GET /about.html HTTP/1.1
Host: 172.21.211.240:8888
Connection: keep-alive
Upgrade-Insecure-Requests: 1
User-Agent: Mozilla/5.0 (Windows NT 10.0; Win64; x64) AppleWebKit/537.36 (KHTML, like Gecko) Chrome/135.0.0.0 Safari/537.36
Accept: text/html,application/xhtml+xml,application/xml;q=0.9,image/avif,image/webp,image/apng,*/*;q=0.8,application/signed-exchange;v=b3;q=0.7
Referer: http://172.21.211.240:8888/
Accept-Encoding: gzip, deflate
Accept-Language: zh-CN,zh;q=0.9,en;q=0.8,en-GB;q=0.7,en-US;q=0.6

 - http/HttpServer.cpp:73
19700101 08:29:02.465735 38733 INFO  Received message, size=515 - http/HttpServer.cpp:76
19700101 08:29:02.465735 38733 INFO  Message content: 
GET /about.html HTTP/1.1
Host: 172.21.211.240:8888
Connection: keep-alive
Upgrade-Insecure-Requests: 1
User-Agent: Mozilla/5.0 (Windows NT 10.0; Win64; x64) AppleWebKit/537.36 (KHTML, like Gecko) Chrome/135.0.0.0 Safari/537.36
Accept: text/html,application/xhtml+xml,application/xml;q=0.9,image/avif,image/webp,image/apng,*/*;q=0.8,application/signed-exchange;v=b3;q=0.7
Referer: http://172.21.211.240:8888/
Accept-Encoding: gzip, deflate
Accept-Language: zh-CN,zh;q=0.9,en;q=0.8,en-GB;q=0.7,en-US;q=0.6

 - http/HttpServer.cpp:77
19700101 08:29:02.465735 38733 INFO  Got complete request, path=/about.html - http/HttpServer.cpp:93
19700101 08:29:02.465735 38733 INFO  Handling request for path: /about.html - HTTP.cpp:12
19700101 08:29:02.465735 38733 INFO  Full filepath: ./about.html - HTTP.cpp:20
19700101 08:29:02.465735 38733 INFO  File found, size=730 - HTTP.cpp:33
19700101 08:29:02.465735 38733 INFO  Sending response, size=892 - http/HttpServer.cpp:134
19700101 08:29:02.465735 38733 INFO  Response content: 
HTTP/1.1 200 OK
Connection: Keep-Alive
Content-Length: 730
Keep-Alive: timeout=60
Connection: Keep-Alive
Server: MyWebServer/1.0
Content-Type: text/html

<!DOCTYPE html>
<html lang="zh">

<head>
    <meta charset="UTF-8">
    <title>关于 - 我的Web服务器</title>
    <link rel="stylesheet" href="css/style.css">
</head>

<body>
    <nav>
        <ul>
            <li><a href="index.html">首页</a></li>
            <li><a href="about.html" class="active">关于</a></li>
            <li><a href="contact.html">联系我们</a></li>
        </ul>
    </nav>
    <div class="container">
        <h1>关于我们</h1>
        <p>这是一个基于C++的高性能Web服务器项目。</p>
        <h2>主要特性：</h2>
        <ul>
            <li>多线程处理</li>
            <li>异步IO</li>
            <li>支持HTTP协议</li>
        </ul>
    </div>
</body>

</html> - http/HttpServer.cpp:135
19700101 08:29:02.465735 38733 INFO  172.21.208.1:7505 write complete - http/HttpServer.cpp:150
19700101 08:29:02.465735 38733 INFO  Read 381 bytes from fd 21 - tcp/Connection.cpp:180
19700101 08:29:02.465735 38733 INFO  Received message from 172.21.208.1:7505, size=381 - http/HttpServer.cpp:64
19700101 08:29:02.465735 38733 INFO  Raw message:
GET /css/style.css HTTP/1.1
Host: 172.21.211.240:8888
Connection: keep-alive
User-Agent: Mozilla/5.0 (Windows NT 10.0; Win64; x64) AppleWebKit/537.36 (KHTML, like Gecko) Chrome/135.0.0.0 Safari/537.36
Accept: text/css,*/*;q=0.1
Referer: http://172.21.211.240:8888/about.html
Accept-Encoding: gzip, deflate
Accept-Language: zh-CN,zh;q=0.9,en;q=0.8,en-GB;q=0.7,en-US;q=0.6

 - http/HttpServer.cpp:73
19700101 08:29:02.465735 38733 INFO  Received message, size=381 - http/HttpServer.cpp:76
19700101 08:29:02.465735 38733 INFO  Message content: 
GET /css/style.css HTTP/1.1
Host: 172.21.211.240:8888
Connection: keep-alive
User-Agent: Mozilla/5.0 (Windows NT 10.0; Win64; x64) AppleWebKit/537.36 (KHTML, like Gecko) Chrome/135.0.0.0 Safari/537.36
Accept: text/css,*/*;q=0.1
Referer: http://172.21.211.240:8888/about.html
Accept-Encoding: gzip, deflate
Accept-Language: zh-CN,zh;q=0.9,en;q=0.8,en-GB;q=0.7,en-US;q=0.6

 - http/HttpServer.cpp:77
19700101 08:29:02.465735 38733 INFO  Got complete request, path=/css/style.css - http/HttpServer.cpp:93
19700101 08:29:02.465735 38733 INFO  Handling request for path: /css/style.css - HTTP.cpp:12
19700101 08:29:02.465735 38733 INFO  Full filepath: ./css/style.css - HTTP.cpp:20
19700101 08:29:02.465735 38733 INFO  File found, size=2028 - HTTP.cpp:33
19700101 08:29:02.465735 38733 INFO  Sending response, size=2190 - http/HttpServer.cpp:134
19700101 08:29:02.465735 38733 INFO  Response content: 
 - http/HttpServer.cpp:135
19700101 08:29:02.465735 38733 INFO  172.21.208.1:7505 write complete - http/HttpServer.cpp:150
19700101 08:29:02.465737 38733 INFO  Read 527 bytes from fd 21 - tcp/Connection.cpp:180
19700101 08:29:02.465737 38733 INFO  Received message from 172.21.208.1:7505, size=527 - http/HttpServer.cpp:64
19700101 08:29:02.465737 38733 INFO  Raw message:
GET /contact.html HTTP/1.1
Host: 172.21.211.240:8888
Connection: keep-alive
Upgrade-Insecure-Requests: 1
User-Agent: Mozilla/5.0 (Windows NT 10.0; Win64; x64) AppleWebKit/537.36 (KHTML, like Gecko) Chrome/135.0.0.0 Safari/537.36
Accept: text/html,application/xhtml+xml,application/xml;q=0.9,image/avif,image/webp,image/apng,*/*;q=0.8,application/signed-exchange;v=b3;q=0.7
Referer: http://172.21.211.240:8888/about.html
Accept-Encoding: gzip, deflate
Accept-Language: zh-CN,zh;q=0.9,en;q=0.8,en-GB;q=0.7,en-US;q=0.6

 - http/HttpServer.cpp:73
19700101 08:29:02.465737 38733 INFO  Received message, size=527 - http/HttpServer.cpp:76
19700101 08:29:02.465737 38733 INFO  Message content: 
GET /contact.html HTTP/1.1
Host: 172.21.211.240:8888
Connection: keep-alive
Upgrade-Insecure-Requests: 1
User-Agent: Mozilla/5.0 (Windows NT 10.0; Win64; x64) AppleWebKit/537.36 (KHTML, like Gecko) Chrome/135.0.0.0 Safari/537.36
Accept: text/html,application/xhtml+xml,application/xml;q=0.9,image/avif,image/webp,image/apng,*/*;q=0.8,application/signed-exchange;v=b3;q=0.7
Referer: http://172.21.211.240:8888/about.html
Accept-Encoding: gzip, deflate
Accept-Language: zh-CN,zh;q=0.9,en;q=0.8,en-GB;q=0.7,en-US;q=0.6

 - http/HttpServer.cpp:77
19700101 08:29:02.465737 38733 INFO  Got complete request, path=/contact.html - http/HttpServer.cpp:93
19700101 08:29:02.465737 38733 INFO  Handling request for path: /contact.html - HTTP.cpp:12
19700101 08:29:02.465737 38733 INFO  Full filepath: ./contact.html - HTTP.cpp:20
19700101 08:29:02.465737 38733 INFO  File found, size=726 - HTTP.cpp:33
19700101 08:29:02.465737 38733 INFO  Sending response, size=888 - http/HttpServer.cpp:134
19700101 08:29:02.465737 38733 INFO  Response content: 
HTTP/1.1 200 OK
Connection: Keep-Alive
Content-Length: 726
Keep-Alive: timeout=60
Connection: Keep-Alive
Server: MyWebServer/1.0
Content-Type: text/html

<!DOCTYPE html>
<html lang="zh">

<head>
    <meta charset="UTF-8">
    <title>联系我们 - 我的Web服务器</title>
    <link rel="stylesheet" href="css/style.css">
</head>

<body>
    <nav>
        <ul>
            <li><a href="index.html">首页</a></li>
            <li><a href="about.html">关于</a></li>
            <li><a href="contact.html" class="active">联系我们</a></li>
        </ul>
    </nav>
    <div class="container">
        <h1>联系我们</h1>
        <p>欢迎联系我们提供反馈：</p>
        <ul>
            <li>GitHub: <a href="https://github.com/NingChenyang/WebServer">项目地址</a></li>
            <li>Email: your.email@example.com</li>
        </ul>
    </div>
</body>

</html> - http/HttpServer.cpp:135
19700101 08:29:02.465737 38733 INFO  172.21.208.1:7505 write complete - http/HttpServer.cpp:150
19700101 08:29:02.465737 38733 INFO  Read 383 bytes from fd 21 - tcp/Connection.cpp:180
19700101 08:29:02.465737 38733 INFO  Received message from 172.21.208.1:7505, size=383 - http/HttpServer.cpp:64
19700101 08:29:02.465737 38733 INFO  Raw message:
GET /css/style.css HTTP/1.1
Host: 172.21.211.240:8888
Connection: keep-alive
User-Agent: Mozilla/5.0 (Windows NT 10.0; Win64; x64) AppleWebKit/537.36 (KHTML, like Gecko) Chrome/135.0.0.0 Safari/537.36
Accept: text/css,*/*;q=0.1
Referer: http://172.21.211.240:8888/contact.html
Accept-Encoding: gzip, deflate
Accept-Language: zh-CN,zh;q=0.9,en;q=0.8,en-GB;q=0.7,en-US;q=0.6

 - http/HttpServer.cpp:73
19700101 08:29:02.465737 38733 INFO  Received message, size=383 - http/HttpServer.cpp:76
19700101 08:29:02.465737 38733 INFO  Message content: 
GET /css/style.css HTTP/1.1
Host: 172.21.211.240:8888
Connection: keep-alive
User-Agent: Mozilla/5.0 (Windows NT 10.0; Win64; x64) AppleWebKit/537.36 (KHTML, like Gecko) Chrome/135.0.0.0 Safari/537.36
Accept: text/css,*/*;q=0.1
Referer: http://172.21.211.240:8888/contact.html
Accept-Encoding: gzip, deflate
Accept-Language: zh-CN,zh;q=0.9,en;q=0.8,en-GB;q=0.7,en-US;q=0.6

 - http/HttpServer.cpp:77
19700101 08:29:02.465737 38733 INFO  Got complete request, path=/css/style.css - http/HttpServer.cpp:93
19700101 08:29:02.465737 38733 INFO  Handling request for path: /css/style.css - HTTP.cpp:12
19700101 08:29:02.465737 38733 INFO  Full filepath: ./css/style.css - HTTP.cpp:20
19700101 08:29:02.465737 38733 INFO  File found, size=2028 - HTTP.cpp:33
19700101 08:29:02.465737 38733 INFO  Sending response, size=2190 - http/HttpServer.cpp:134
19700101 08:29:02.465737 38733 INFO  Response content: 
 - http/HttpServer.cpp:135
19700101 08:29:02.465737 38733 INFO  172.21.208.1:7505 write complete - http/HttpServer.cpp:150
19700101 08:29:02.465738 38733 INFO  Read 527 bytes from fd 21 - tcp/Connection.cpp:180
19700101 08:29:02.465738 38733 INFO  Received message from 172.21.208.1:7505, size=527 - http/HttpServer.cpp:64
19700101 08:29:02.465738 38733 INFO  Raw message:
GET /index.html HTTP/1.1
Host: 172.21.211.240:8888
Connection: keep-alive
Upgrade-Insecure-Requests: 1
User-Agent: Mozilla/5.0 (Windows NT 10.0; Win64; x64) AppleWebKit/537.36 (KHTML, like Gecko) Chrome/135.0.0.0 Safari/537.36
Accept: text/html,application/xhtml+xml,application/xml;q=0.9,image/avif,image/webp,image/apng,*/*;q=0.8,application/signed-exchange;v=b3;q=0.7
Referer: http://172.21.211.240:8888/contact.html
Accept-Encoding: gzip, deflate
Accept-Language: zh-CN,zh;q=0.9,en;q=0.8,en-GB;q=0.7,en-US;q=0.6

 - http/HttpServer.cpp:73
19700101 08:29:02.465738 38733 INFO  Received message, size=527 - http/HttpServer.cpp:76
19700101 08:29:02.465738 38733 INFO  Message content: 
GET /index.html HTTP/1.1
Host: 172.21.211.240:8888
Connection: keep-alive
Upgrade-Insecure-Requests: 1
User-Agent: Mozilla/5.0 (Windows NT 10.0; Win64; x64) AppleWebKit/537.36 (KHTML, like Gecko) Chrome/135.0.0.0 Safari/537.36
Accept: text/html,application/xhtml+xml,application/xml;q=0.9,image/avif,image/webp,image/apng,*/*;q=0.8,application/signed-exchange;v=b3;q=0.7
Referer: http://172.21.211.240:8888/contact.html
Accept-Encoding: gzip, deflate
Accept-Language: zh-CN,zh;q=0.9,en;q=0.8,en-GB;q=0.7,en-US;q=0.6

 - http/HttpServer.cpp:77
19700101 08:29:02.465738 38733 INFO  Got complete request, path=/index.html - http/HttpServer.cpp:93
19700101 08:29:02.465738 38733 INFO  Handling request for path: /index.html - HTTP.cpp:12
19700101 08:29:02.465738 38733 INFO  Full filepath: ./index.html - HTTP.cpp:20
19700101 08:29:02.465738 38733 INFO  File found, size=1616 - HTTP.cpp:33
19700101 08:29:02.465738 38733 INFO  Sending response, size=1779 - http/HttpServer.cpp:134
19700101 08:29:02.465738 38733 INFO  Response content: 
 - http/HttpServer.cpp:135
19700101 08:29:02.465738 38733 INFO  172.21.208.1:7505 write complete - http/HttpServer.cpp:150
19700101 08:29:02.465738 38733 INFO  Read 381 bytes from fd 21 - tcp/Connection.cpp:180
19700101 08:29:02.465738 38733 INFO  Received message from 172.21.208.1:7505, size=381 - http/HttpServer.cpp:64
19700101 08:29:02.465738 38733 INFO  Raw message:
GET /css/style.css HTTP/1.1
Host: 172.21.211.240:8888
Connection: keep-alive
User-Agent: Mozilla/5.0 (Windows NT 10.0; Win64; x64) AppleWebKit/537.36 (KHTML, like Gecko) Chrome/135.0.0.0 Safari/537.36
Accept: text/css,*/*;q=0.1
Referer: http://172.21.211.240:8888/index.html
Accept-Encoding: gzip, deflate
Accept-Language: zh-CN,zh;q=0.9,en;q=0.8,en-GB;q=0.7,en-US;q=0.6

 - http/HttpServer.cpp:73
19700101 08:29:02.465738 38733 INFO  Received message, size=381 - http/HttpServer.cpp:76
19700101 08:29:02.465738 38733 INFO  Message content: 
GET /css/style.css HTTP/1.1
Host: 172.21.211.240:8888
Connection: keep-alive
User-Agent: Mozilla/5.0 (Windows NT 10.0; Win64; x64) AppleWebKit/537.36 (KHTML, like Gecko) Chrome/135.0.0.0 Safari/537.36
Accept: text/css,*/*;q=0.1
Referer: http://172.21.211.240:8888/index.html
Accept-Encoding: gzip, deflate
Accept-Language: zh-CN,zh;q=0.9,en;q=0.8,en-GB;q=0.7,en-US;q=0.6

 - http/HttpServer.cpp:77
19700101 08:29:02.465738 38733 INFO  Got complete request, path=/css/style.css - http/HttpServer.cpp:93
19700101 08:29:02.465738 38733 INFO  Handling request for path: /css/style.css - HTTP.cpp:12
19700101 08:29:02.465738 38733 INFO  Full filepath: ./css/style.css - HTTP.cpp:20
19700101 08:29:02.465738 38733 INFO  File found, size=2028 - HTTP.cpp:33
19700101 08:29:02.465738 38733 INFO  Sending response, size=2190 - http/HttpServer.cpp:134
19700101 08:29:02.465738 38733 INFO  Response content: 
 - http/HttpServer.cpp:135
19700101 08:29:02.465738 38733 INFO  172.21.208.1:7505 write complete - http/HttpServer.cpp:150
