19700101 08:29:02.467031 44145 INFO  New connection established - http/HttpServer.cpp:45
19700101 08:29:02.467031 44145 INFO  HttpContext created successfully - http/HttpServer.cpp:49
19700101 08:29:02.467031 44145 INFO  New connection established - http/HttpServer.cpp:45
19700101 08:29:02.467031 44145 INFO  HttpContext created successfully - http/HttpServer.cpp:49
19700101 08:29:02.467031 44147 INFO  Read 551 bytes from fd 21 - tcp/Connection.cpp:185
19700101 08:29:02.467031 44147 INFO  Received message from 172.21.208.1:7071, size=551 - http/HttpServer.cpp:64
19700101 08:29:02.467031 44147 INFO  Got complete request, path=/index.html - http/HttpServer.cpp:93
19700101 08:29:02.467031 44147 INFO  Handling request for path: /index.html - HTTP.cpp:12
19700101 08:29:02.467031 44147 INFO  Full filepath: ./index.html - HTTP.cpp:20
19700101 08:29:02.467031 44147 INFO  File found, size=1616 - HTTP.cpp:33
19700101 08:29:02.467031 44147 INFO  Sending response, size=1779 - http/HttpServer.cpp:134
19700101 08:29:02.467031 44147 INFO  Response content: 
 - http/HttpServer.cpp:135
19700101 08:29:02.467031 44147 INFO  172.21.208.1:7071 write complete - http/HttpServer.cpp:150
19700101 08:29:02.467031 44147 INFO  Read 381 bytes from fd 21 - tcp/Connection.cpp:185
19700101 08:29:02.467031 44147 INFO  Received message from 172.21.208.1:7071, size=381 - http/HttpServer.cpp:64
19700101 08:29:02.467031 44147 INFO  Got complete request, path=/css/style.css - http/HttpServer.cpp:93
19700101 08:29:02.467031 44147 INFO  Handling request for path: /css/style.css - HTTP.cpp:12
19700101 08:29:02.467031 44147 INFO  Full filepath: ./css/style.css - HTTP.cpp:20
19700101 08:29:02.467031 44147 INFO  File found, size=2028 - HTTP.cpp:33
19700101 08:29:02.467031 44147 INFO  Sending response, size=2190 - http/HttpServer.cpp:134
19700101 08:29:02.467031 44147 INFO  Response content: 
 - http/HttpServer.cpp:135
19700101 08:29:02.467031 44147 INFO  172.21.208.1:7071 write complete - http/HttpServer.cpp:150
19700101 08:29:02.467032 44147 INFO  Read 425 bytes from fd 21 - tcp/Connection.cpp:185
19700101 08:29:02.467032 44147 INFO  Received message from 172.21.208.1:7071, size=425 - http/HttpServer.cpp:64
19700101 08:29:02.467032 44147 INFO  Got complete request, path=/favicon.ico - http/HttpServer.cpp:93
19700101 08:29:02.467032 44147 INFO  Handling request for path: /favicon.ico - HTTP.cpp:12
19700101 08:29:02.467032 44147 INFO  Full filepath: ./favicon.ico - HTTP.cpp:20
19700101 08:29:02.467032 44147 INFO  File found, size=4286 - HTTP.cpp:33
19700101 08:29:02.467032 44147 INFO  Sending response, size=4452 - http/HttpServer.cpp:134
19700101 08:29:02.467032 44147 INFO  Response content: 
 - http/HttpServer.cpp:135
19700101 08:29:02.467032 44147 INFO  172.21.208.1:7071 write complete - http/HttpServer.cpp:150
19700101 08:29:02.467039 44145 INFO  New connection established - http/HttpServer.cpp:45
19700101 08:29:02.467039 44145 INFO  HttpContext created successfully - http/HttpServer.cpp:49
19700101 08:29:02.467039 44148 INFO  Connection closed by peer - tcp/Connection.cpp:190
19700101 08:29:02.467040 44145 INFO  New connection established - http/HttpServer.cpp:45
19700101 08:29:02.467040 44145 INFO  HttpContext created successfully - http/HttpServer.cpp:49
19700101 08:29:02.467040 44145 INFO  New connection established - http/HttpServer.cpp:45
19700101 08:29:02.467040 44145 INFO  HttpContext created successfully - http/HttpServer.cpp:49
19700101 08:29:02.467040 44145 INFO  New connection established - http/HttpServer.cpp:45
19700101 08:29:02.467040 44145 INFO  HttpContext created successfully - http/HttpServer.cpp:49
19700101 08:29:02.467040 44148 INFO  Read 66 bytes from fd 24 - tcp/Connection.cpp:185
19700101 08:29:02.467040 44148 INFO  Received message from 172.21.211.240:36324, size=66 - http/HttpServer.cpp:64
19700101 08:29:02.467040 44145 INFO  New connection established - http/HttpServer.cpp:45
19700101 08:29:02.467040 44145 INFO  HttpContext created successfully - http/HttpServer.cpp:49
19700101 08:29:02.467040 44148 INFO  Got complete request, path=/ - http/HttpServer.cpp:93
19700101 08:29:02.467040 44148 INFO  Handling request for path: / - HTTP.cpp:12
19700101 08:29:02.467040 44148 INFO  Full filepath: ./index.html - HTTP.cpp:20
19700101 08:29:02.467040 44145 INFO  New connection established - http/HttpServer.cpp:45
19700101 08:29:02.467040 44145 INFO  HttpContext created successfully - http/HttpServer.cpp:49
19700101 08:29:02.467040 44146 INFO  Read 66 bytes from fd 26 - tcp/Connection.cpp:185
19700101 08:29:02.467040 44146 INFO  Received message from 172.21.211.240:36326, size=66 - http/HttpServer.cpp:64
19700101 08:29:02.467040 44146 INFO  Got complete request, path=/ - http/HttpServer.cpp:93
19700101 08:29:02.467040 44146 INFO  Handling request for path: / - HTTP.cpp:12
19700101 08:29:02.467040 44146 INFO  Full filepath: ./index.html - HTTP.cpp:20
19700101 08:29:02.467040 44148 INFO  File found, size=1616 - HTTP.cpp:33
19700101 08:29:02.467040 44148 INFO  Sending response, size=1704 - http/HttpServer.cpp:134
19700101 08:29:02.467040 44148 INFO  Response content: 
 - http/HttpServer.cpp:135
19700101 08:29:02.467040 44146 INFO  File found, size=1616 - HTTP.cpp:33
19700101 08:29:02.467040 44146 INFO  Sending response, size=1704 - http/HttpServer.cpp:134
19700101 08:29:02.467040 44146 INFO  Response content: 
 - http/HttpServer.cpp:135
19700101 08:29:02.467040 44148 INFO  172.21.211.240:36324 write complete - http/HttpServer.cpp:150
19700101 08:29:02.467040 44148 INFO  Closing connection after response - http/HttpServer.cpp:142
19700101 08:29:02.467040 44148 INFO  Read 66 bytes from fd 28 - tcp/Connection.cpp:185
19700101 08:29:02.467040 44148 INFO  Received message from 172.21.211.240:36348, size=66 - http/HttpServer.cpp:64
19700101 08:29:02.467040 44148 INFO  Got complete request, path=/ - http/HttpServer.cpp:93
19700101 08:29:02.467040 44148 INFO  Handling request for path: / - HTTP.cpp:12
19700101 08:29:02.467040 44148 INFO  Full filepath: ./index.html - HTTP.cpp:20
19700101 08:29:02.467040 44146 INFO  172.21.211.240:36326 write complete - http/HttpServer.cpp:150
19700101 08:29:02.467040 44146 INFO  Closing connection after response - http/HttpServer.cpp:142
19700101 08:29:02.467040 44148 INFO  File found, size=1616 - HTTP.cpp:33
19700101 08:29:02.467040 44148 INFO  Sending response, size=1704 - http/HttpServer.cpp:134
19700101 08:29:02.467040 44148 INFO  Response content: 
 - http/HttpServer.cpp:135
19700101 08:29:02.467040 44149 INFO  Read 66 bytes from fd 27 - tcp/Connection.cpp:185
19700101 08:29:02.467040 44149 INFO  Received message from 172.21.211.240:36342, size=66 - http/HttpServer.cpp:64
19700101 08:29:02.467040 44149 INFO  Got complete request, path=/ - http/HttpServer.cpp:93
19700101 08:29:02.467040 44149 INFO  Handling request for path: / - HTTP.cpp:12
19700101 08:29:02.467040 44149 INFO  Full filepath: ./index.html - HTTP.cpp:20
19700101 08:29:02.467040 44147 INFO  Read 66 bytes from fd 29 - tcp/Connection.cpp:185
19700101 08:29:02.467040 44147 INFO  Received message from 172.21.211.240:36356, size=66 - http/HttpServer.cpp:64
19700101 08:29:02.467040 44147 INFO  Got complete request, path=/ - http/HttpServer.cpp:93
19700101 08:29:02.467040 44147 INFO  Handling request for path: / - HTTP.cpp:12
19700101 08:29:02.467040 44147 INFO  Full filepath: ./index.html - HTTP.cpp:20
19700101 08:29:02.467040 44148 INFO  172.21.211.240:36348 write complete - http/HttpServer.cpp:150
19700101 08:29:02.467040 44148 INFO  Closing connection after response - http/HttpServer.cpp:142
19700101 08:29:02.467040 44149 INFO  File found, size=1616 - HTTP.cpp:33
19700101 08:29:02.467040 44149 INFO  Sending response, size=1704 - http/HttpServer.cpp:134
19700101 08:29:02.467040 44149 INFO  Response content: 
 - http/HttpServer.cpp:135
19700101 08:29:02.467040 44147 INFO  File found, size=1616 - HTTP.cpp:33
19700101 08:29:02.467040 44147 INFO  Sending response, size=1704 - http/HttpServer.cpp:134
19700101 08:29:02.467040 44147 INFO  Response content: 
 - http/HttpServer.cpp:135
19700101 08:29:02.467040 44145 INFO  New connection established - http/HttpServer.cpp:45
19700101 08:29:02.467040 44145 INFO  HttpContext created successfully - http/HttpServer.cpp:49
19700101 08:29:02.467040 44145 INFO  New connection established - http/HttpServer.cpp:45
19700101 08:29:02.467040 44145 INFO  HttpContext created successfully - http/HttpServer.cpp:49
19700101 08:29:02.467040 44145 INFO  New connection established - http/HttpServer.cpp:45
19700101 08:29:02.467040 44145 INFO  HttpContext created successfully - http/HttpServer.cpp:49
19700101 08:29:02.467040 44145 INFO  New connection established - http/HttpServer.cpp:45
19700101 08:29:02.467040 44145 INFO  HttpContext created successfully - http/HttpServer.cpp:49
19700101 08:29:02.467040 44145 INFO  New connection established - http/HttpServer.cpp:45
19700101 08:29:02.467040 44145 INFO  HttpContext created successfully - http/HttpServer.cpp:49
19700101 08:29:02.467040 44147 INFO  172.21.211.240:36356 write complete - http/HttpServer.cpp:150
19700101 08:29:02.467040 44146 INFO  Read 66 bytes from fd 30 - tcp/Connection.cpp:185
19700101 08:29:02.467040 44147 INFO  Closing connection after response - http/HttpServer.cpp:142
19700101 08:29:02.467040 44149 INFO  172.21.211.240:36342 write complete - http/HttpServer.cpp:150
19700101 08:29:02.467040 44145 INFO  New connection established - http/HttpServer.cpp:45
19700101 08:29:02.467040 44146 INFO  Received message from 172.21.211.240:36370, size=66 - http/HttpServer.cpp:64
19700101 08:29:02.467040 44149 INFO  Closing connection after response - http/HttpServer.cpp:142
19700101 08:29:02.467040 44145 INFO  HttpContext created successfully - http/HttpServer.cpp:49
19700101 08:29:02.467040 44146 INFO  Got complete request, path=/ - http/HttpServer.cpp:93
19700101 08:29:02.467040 44146 INFO  Handling request for path: / - HTTP.cpp:12
19700101 08:29:02.467040 44146 INFO  Full filepath: ./index.html - HTTP.cpp:20
19700101 08:29:02.467040 44145 INFO  New connection established - http/HttpServer.cpp:45
19700101 08:29:02.467040 44145 INFO  HttpContext created successfully - http/HttpServer.cpp:49
19700101 08:29:02.467040 44145 INFO  New connection established - http/HttpServer.cpp:45
19700101 08:29:02.467040 44145 INFO  HttpContext created successfully - http/HttpServer.cpp:49
19700101 08:29:02.467040 44147 INFO  Read 66 bytes from fd 33 - tcp/Connection.cpp:185
19700101 08:29:02.467040 44147 INFO  Received message from 172.21.211.240:36390, size=66 - http/HttpServer.cpp:64
19700101 08:29:02.467040 44149 INFO  Read 66 bytes from fd 31 - tcp/Connection.cpp:185
19700101 08:29:02.467040 44147 INFO  Got complete request, path=/ - http/HttpServer.cpp:93
19700101 08:29:02.467040 44149 INFO  Received message from 172.21.211.240:36364, size=66 - http/HttpServer.cpp:64
19700101 08:29:02.467040 44147 INFO  Handling request for path: / - HTTP.cpp:12
19700101 08:29:02.467040 44147 INFO  Full filepath: ./index.html - HTTP.cpp:20
19700101 08:29:02.467040 44149 INFO  Got complete request, path=/ - http/HttpServer.cpp:93
19700101 08:29:02.467040 44149 INFO  Handling request for path: / - HTTP.cpp:12
19700101 08:29:02.467040 44149 INFO  Full filepath: ./index.html - HTTP.cpp:20
19700101 08:29:02.467040 44146 INFO  File found, size=1616 - HTTP.cpp:33
19700101 08:29:02.467040 44147 INFO  File found, size=1616 - HTTP.cpp:33
19700101 08:29:02.467040 44146 INFO  Sending response, size=1704 - http/HttpServer.cpp:134
19700101 08:29:02.467040 44146 INFO  Response content: 
 - http/HttpServer.cpp:135
19700101 08:29:02.467040 44147 INFO  Sending response, size=1704 - http/HttpServer.cpp:134
19700101 08:29:02.467040 44147 INFO  Response content: 
 - http/HttpServer.cpp:135
19700101 08:29:02.467040 44149 INFO  File found, size=1616 - HTTP.cpp:33
19700101 08:29:02.467040 44149 INFO  Sending response, size=1704 - http/HttpServer.cpp:134
19700101 08:29:02.467040 44149 INFO  Response content: 
 - http/HttpServer.cpp:135
19700101 08:29:02.467040 44145 INFO  New connection established - http/HttpServer.cpp:45
19700101 08:29:02.467040 44146 INFO  172.21.211.240:36370 write complete - http/HttpServer.cpp:150
19700101 08:29:02.467040 44145 INFO  HttpContext created successfully - http/HttpServer.cpp:49
19700101 08:29:02.467040 44146 INFO  Closing connection after response - http/HttpServer.cpp:142
19700101 08:29:02.467040 44145 INFO  New connection established - http/HttpServer.cpp:45
19700101 08:29:02.467040 44145 INFO  HttpContext created successfully - http/HttpServer.cpp:49
19700101 08:29:02.467040 44145 INFO  New connection established - http/HttpServer.cpp:45
19700101 08:29:02.467040 44145 INFO  HttpContext created successfully - http/HttpServer.cpp:49
19700101 08:29:02.467040 44145 INFO  New connection established - http/HttpServer.cpp:45
19700101 08:29:02.467040 44145 INFO  HttpContext created successfully - http/HttpServer.cpp:49
19700101 08:29:02.467040 44145 INFO  New connection established - http/HttpServer.cpp:45
19700101 08:29:02.467040 44145 INFO  HttpContext created successfully - http/HttpServer.cpp:49
19700101 08:29:02.467040 44145 INFO  New connection established - http/HttpServer.cpp:45
19700101 08:29:02.467040 44145 INFO  HttpContext created successfully - http/HttpServer.cpp:49
19700101 08:29:02.467040 44145 INFO  New connection established - http/HttpServer.cpp:45
19700101 08:29:02.467040 44145 INFO  HttpContext created successfully - http/HttpServer.cpp:49
19700101 08:29:02.467040 44149 INFO  172.21.211.240:36364 write complete - http/HttpServer.cpp:150
19700101 08:29:02.467040 44149 INFO  Closing connection after response - http/HttpServer.cpp:142
19700101 08:29:02.467040 44148 INFO  Read 66 bytes from fd 32 - tcp/Connection.cpp:185
19700101 08:29:02.467040 44146 INFO  Read 66 bytes from fd 34 - tcp/Connection.cpp:185
19700101 08:29:02.467040 44146 INFO  Received message from 172.21.211.240:36396, size=66 - http/HttpServer.cpp:64
19700101 08:29:02.467040 44149 INFO  Read 66 bytes from fd 35 - tcp/Connection.cpp:185
19700101 08:29:02.467040 44146 INFO  Got complete request, path=/ - http/HttpServer.cpp:93
19700101 08:29:02.467040 44149 INFO  Received message from 172.21.211.240:36422, size=66 - http/HttpServer.cpp:64
19700101 08:29:02.467040 44146 INFO  Handling request for path: / - HTTP.cpp:12
19700101 08:29:02.467040 44146 INFO  Full filepath: ./index.html - HTTP.cpp:20
19700101 08:29:02.467040 44149 INFO  Got complete request, path=/ - http/HttpServer.cpp:93
19700101 08:29:02.467040 44149 INFO  Handling request for path: / - HTTP.cpp:12
19700101 08:29:02.467040 44149 INFO  Full filepath: ./index.html - HTTP.cpp:20
19700101 08:29:02.467040 44147 INFO  172.21.211.240:36390 write complete - http/HttpServer.cpp:150
19700101 08:29:02.467040 44147 INFO  Closing connection after response - http/HttpServer.cpp:142
19700101 08:29:02.467040 44148 INFO  Received message from 172.21.211.240:36378, size=66 - http/HttpServer.cpp:64
19700101 08:29:02.467040 44148 INFO  Got complete request, path=/ - http/HttpServer.cpp:93
19700101 08:29:02.467040 44148 INFO  Handling request for path: / - HTTP.cpp:12
19700101 08:29:02.467040 44148 INFO  Full filepath: ./index.html - HTTP.cpp:20
19700101 08:29:02.467040 44149 INFO  File found, size=1616 - HTTP.cpp:33
19700101 08:29:02.467040 44149 INFO  Sending response, size=1704 - http/HttpServer.cpp:134
19700101 08:29:02.467040 44149 INFO  Response content: 
 - http/HttpServer.cpp:135
19700101 08:29:02.467040 44148 INFO  File found, size=1616 - HTTP.cpp:33
19700101 08:29:02.467040 44148 INFO  Sending response, size=1704 - http/HttpServer.cpp:134
19700101 08:29:02.467040 44148 INFO  Response content: 
 - http/HttpServer.cpp:135
19700101 08:29:02.467040 44146 INFO  File found, size=1616 - HTTP.cpp:33
19700101 08:29:02.467040 44146 INFO  Sending response, size=1704 - http/HttpServer.cpp:134
19700101 08:29:02.467040 44146 INFO  Response content: 
 - http/HttpServer.cpp:135
19700101 08:29:02.467040 44149 INFO  172.21.211.240:36422 write complete - http/HttpServer.cpp:150
19700101 08:29:02.467040 44149 INFO  Closing connection after response - http/HttpServer.cpp:142
19700101 08:29:02.467040 44148 INFO  172.21.211.240:36378 write complete - http/HttpServer.cpp:150
19700101 08:29:02.467040 44148 INFO  Closing connection after response - http/HttpServer.cpp:142
19700101 08:29:02.467040 44148 INFO  Read 66 bytes from fd 36 - tcp/Connection.cpp:185
19700101 08:29:02.467040 44148 INFO  Received message from 172.21.211.240:36410, size=66 - http/HttpServer.cpp:64
19700101 08:29:02.467040 44148 INFO  Got complete request, path=/ - http/HttpServer.cpp:93
19700101 08:29:02.467040 44148 INFO  Handling request for path: / - HTTP.cpp:12
19700101 08:29:02.467040 44148 INFO  Full filepath: ./index.html - HTTP.cpp:20
19700101 08:29:02.467040 44148 INFO  File found, size=1616 - HTTP.cpp:33
19700101 08:29:02.467040 44148 INFO  Sending response, size=1704 - http/HttpServer.cpp:134
19700101 08:29:02.467040 44148 INFO  Response content: 
 - http/HttpServer.cpp:135
19700101 08:29:02.467040 44148 INFO  172.21.211.240:36410 write complete - http/HttpServer.cpp:150
19700101 08:29:02.467040 44148 INFO  Closing connection after response - http/HttpServer.cpp:142
19700101 08:29:02.467040 44148 INFO  Read 66 bytes from fd 40 - tcp/Connection.cpp:185
19700101 08:29:02.467040 44148 INFO  Received message from 172.21.211.240:36454, size=66 - http/HttpServer.cpp:64
19700101 08:29:02.467040 44148 INFO  Got complete request, path=/ - http/HttpServer.cpp:93
19700101 08:29:02.467040 44148 INFO  Handling request for path: / - HTTP.cpp:12
19700101 08:29:02.467040 44148 INFO  Full filepath: ./index.html - HTTP.cpp:20
19700101 08:29:02.467040 44146 INFO  172.21.211.240:36396 write complete - http/HttpServer.cpp:150
19700101 08:29:02.467040 44148 INFO  File found, size=1616 - HTTP.cpp:33
19700101 08:29:02.467040 44146 INFO  Closing connection after response - http/HttpServer.cpp:142
19700101 08:29:02.467040 44148 INFO  Sending response, size=1704 - http/HttpServer.cpp:134
19700101 08:29:02.467040 44148 INFO  Response content: 
 - http/HttpServer.cpp:135
19700101 08:29:02.467040 44148 INFO  172.21.211.240:36454 write complete - http/HttpServer.cpp:150
19700101 08:29:02.467040 44148 INFO  Closing connection after response - http/HttpServer.cpp:142
19700101 08:29:02.467040 44148 INFO  Read 66 bytes from fd 44 - tcp/Connection.cpp:185
19700101 08:29:02.467040 44148 INFO  Received message from 172.21.211.240:36504, size=66 - http/HttpServer.cpp:64
19700101 08:29:02.467040 44148 INFO  Got complete request, path=/ - http/HttpServer.cpp:93
19700101 08:29:02.467040 44148 INFO  Handling request for path: / - HTTP.cpp:12
19700101 08:29:02.467040 44148 INFO  Full filepath: ./index.html - HTTP.cpp:20
19700101 08:29:02.467040 44148 INFO  File found, size=1616 - HTTP.cpp:33
19700101 08:29:02.467040 44148 INFO  Sending response, size=1704 - http/HttpServer.cpp:134
19700101 08:29:02.467040 44148 INFO  Response content: 
 - http/HttpServer.cpp:135
19700101 08:29:02.467040 44148 INFO  172.21.211.240:36504 write complete - http/HttpServer.cpp:150
19700101 08:29:02.467040 44148 INFO  Closing connection after response - http/HttpServer.cpp:142
19700101 08:29:02.467040 44147 INFO  Read 66 bytes from fd 37 - tcp/Connection.cpp:185
19700101 08:29:02.467040 44147 INFO  Received message from 172.21.211.240:36432, size=66 - http/HttpServer.cpp:64
19700101 08:29:02.467040 44147 INFO  Got complete request, path=/ - http/HttpServer.cpp:93
19700101 08:29:02.467040 44147 INFO  Handling request for path: / - HTTP.cpp:12
19700101 08:29:02.467040 44147 INFO  Full filepath: ./index.html - HTTP.cpp:20
19700101 08:29:02.467040 44147 INFO  File found, size=1616 - HTTP.cpp:33
19700101 08:29:02.467040 44147 INFO  Sending response, size=1704 - http/HttpServer.cpp:134
19700101 08:29:02.467040 44147 INFO  Response content: 
 - http/HttpServer.cpp:135
19700101 08:29:02.467040 44147 INFO  172.21.211.240:36432 write complete - http/HttpServer.cpp:150
19700101 08:29:02.467040 44147 INFO  Closing connection after response - http/HttpServer.cpp:142
19700101 08:29:02.467040 44147 INFO  Read 66 bytes from fd 41 - tcp/Connection.cpp:185
19700101 08:29:02.467040 44147 INFO  Received message from 172.21.211.240:36470, size=66 - http/HttpServer.cpp:64
19700101 08:29:02.467040 44147 INFO  Got complete request, path=/ - http/HttpServer.cpp:93
19700101 08:29:02.467040 44147 INFO  Handling request for path: / - HTTP.cpp:12
19700101 08:29:02.467040 44147 INFO  Full filepath: ./index.html - HTTP.cpp:20
19700101 08:29:02.467040 44147 INFO  File found, size=1616 - HTTP.cpp:33
19700101 08:29:02.467040 44147 INFO  Sending response, size=1704 - http/HttpServer.cpp:134
19700101 08:29:02.467040 44147 INFO  Response content: 
 - http/HttpServer.cpp:135
19700101 08:29:02.467040 44147 INFO  172.21.211.240:36470 write complete - http/HttpServer.cpp:150
19700101 08:29:02.467040 44147 INFO  Closing connection after response - http/HttpServer.cpp:142
